<?xml version="1.0" encoding="UTF-8"?>
<!-- Generated by org.testng.reporters.JUnitReportReporter -->
<testsuite skipped="0" hostname="DESKTOP-9FQ5FG2" name="pdfReader.PdfReaderTest" tests="1" failures="0" timestamp="18 Jul 2020 15:12:04 GMT" time="49.947" errors="0">
  <testcase name="read" time="49.947" classname="pdfReader.PdfReaderTest"/>
</testsuite> <!-- pdfReader.PdfReaderTest -->
